# JRE version: OpenJDK Runtime Environment (11.0.10) (build 11.0.10+0-b96-7249189)
# Java VM: OpenJDK 64-Bit Server VM (11.0.10+0-b96-7249189, mixed mode, tiered, compressed oops, g1 gc, windows-amd64)
Heap:
 garbage-first heap   total 280576K, used 140185K [0x0000000080000000, 0x0000000100000000)
  region size 1024K, 52 young (53248K), 1 survivors (1024K)
 Metaspace       used 130748K, capacity 135075K, committed 135296K, reserved 1167360K
  class space    used 15729K, capacity 17300K, committed 17408K, reserved 1048576K
GC Heap History (20 events):
Event: 5724.011 GC heap before
{Heap before GC invocations=156 (full 0):
 garbage-first heap   total 280576K, used 118555K [0x0000000080000000, 0x0000000100000000)
  region size 1024K, 13 young (13312K), 11 survivors (11264K)
 Metaspace       used 130559K, capacity 134884K, committed 135040K, reserved 1167360K
  class space    used 15724K, capacity 17291K, committed 17408K, reserved 1048576K
}
Event: 5724.030 GC heap after
{Heap after GC invocations=157 (full 0):
 garbage-first heap   total 280576K, used 111424K [0x0000000080000000, 0x0000000100000000)
  region size 1024K, 1 young (1024K), 1 survivors (1024K)
 Metaspace       used 130559K, capacity 134884K, committed 135040K, reserved 1167360K
  class space    used 15724K, capacity 17291K, committed 17408K, reserved 1048576K
}
Event: 5725.550 GC heap before
{Heap before GC invocations=157 (full 0):
 garbage-first heap   total 280576K, used 182080K [0x0000000080000000, 0x0000000100000000)
  region size 1024K, 72 young (73728K), 1 survivors (1024K)
 Metaspace       used 130609K, capacity 135002K, committed 135296K, reserved 1167360K
  class space    used 15729K, capacity 17300K, committed 17408K, reserved 1048576K
}
Event: 5725.570 GC heap after
{Heap after GC invocations=158 (full 0):
 garbage-first heap   total 280576K, used 118110K [0x0000000080000000, 0x0000000100000000)
  region size 1024K, 8 young (8192K), 8 survivors (8192K)
 Metaspace       used 130609K, capacity 135002K, committed 135296K, reserved 1167360K
  class space    used 15729K, capacity 17300K, committed 17408K, reserved 1048576K
}
Event: 5809.752 GC heap before
{Heap before GC invocations=159 (full 0):
 garbage-first heap   total 280576K, used 222558K [0x0000000080000000, 0x0000000100000000)
  region size 1024K, 90 young (92160K), 8 survivors (8192K)
 Metaspace       used 130640K, capacity 135002K, committed 135296K, reserved 1167360K
  class space    used 15729K, capacity 17300K, committed 17408K, reserved 1048576K
}
Event: 5809.787 GC heap after
{Heap after GC invocations=160 (full 0):
 garbage-first heap   total 280576K, used 124928K [0x0000000080000000, 0x0000000100000000)
  region size 1024K, 12 young (12288K), 12 survivors (12288K)
 Metaspace       used 130640K, capacity 135002K, committed 135296K, reserved 1167360K
  class space    used 15729K, capacity 17300K, committed 17408K, reserved 1048576K
}
Event: 5809.789 GC heap before
{Heap before GC invocations=160 (full 0):
 garbage-first heap   total 280576K, used 125952K [0x0000000080000000, 0x0000000100000000)
  region size 1024K, 13 young (13312K), 12 survivors (12288K)
 Metaspace       used 130640K, capacity 135002K, committed 135296K, reserved 1167360K
  class space    used 15729K, capacity 17300K, committed 17408K, reserved 1048576K
}
Event: 5809.815 GC heap after
{Heap after GC invocations=161 (full 0):
 garbage-first heap   total 280576K, used 114176K [0x0000000080000000, 0x0000000100000000)
  region size 1024K, 1 young (1024K), 1 survivors (1024K)
 Metaspace       used 130640K, capacity 135002K, committed 135296K, reserved 1167360K
  class space    used 15729K, capacity 17300K, committed 17408K, reserved 1048576K
}
Event: 5809.879 GC heap before
{Heap before GC invocations=161 (full 0):
 garbage-first heap   total 280576K, used 141824K [0x0000000080000000, 0x0000000100000000)
  region size 1024K, 30 young (30720K), 1 survivors (1024K)
 Metaspace       used 130640K, capacity 135002K, committed 135296K, reserved 1167360K
  class space    used 15729K, capacity 17300K, committed 17408K, reserved 1048576K
}
Event: 5809.895 GC heap after
{Heap after GC invocations=162 (full 0):
 garbage-first heap   total 280576K, used 119325K [0x0000000080000000, 0x0000000100000000)
  region size 1024K, 6 young (6144K), 6 survivors (6144K)
 Metaspace       used 130640K, capacity 135002K, committed 135296K, reserved 1167360K
  class space    used 15729K, capacity 17300K, committed 17408K, reserved 1048576K
}
Event: 5811.497 GC heap before
{Heap before GC invocations=163 (full 0):
 garbage-first heap   total 280576K, used 214557K [0x0000000080000000, 0x0000000100000000)
  region size 1024K, 89 young (91136K), 6 survivors (6144K)
 Metaspace       used 130648K, capacity 135006K, committed 135296K, reserved 1167360K
  class space    used 15729K, capacity 17300K, committed 17408K, reserved 1048576K
}
Event: 5811.510 GC heap after
{Heap after GC invocations=164 (full 0):
 garbage-first heap   total 280576K, used 115578K [0x0000000080000000, 0x0000000100000000)
  region size 1024K, 7 young (7168K), 7 survivors (7168K)
 Metaspace       used 130648K, capacity 135006K, committed 135296K, reserved 1167360K
  class space    used 15729K, capacity 17300K, committed 17408K, reserved 1048576K
}
Event: 5811.518 GC heap before
{Heap before GC invocations=164 (full 0):
 garbage-first heap   total 280576K, used 120698K [0x0000000080000000, 0x0000000100000000)
  region size 1024K, 13 young (13312K), 7 survivors (7168K)
 Metaspace       used 130648K, capacity 135006K, committed 135296K, reserved 1167360K
  class space    used 15729K, capacity 17300K, committed 17408K, reserved 1048576K
}
Event: 5811.529 GC heap after
{Heap after GC invocations=165 (full 0):
 garbage-first heap   total 280576K, used 106467K [0x0000000080000000, 0x0000000100000000)
  region size 1024K, 1 young (1024K), 1 survivors (1024K)
 Metaspace       used 130648K, capacity 135006K, committed 135296K, reserved 1167360K
  class space    used 15729K, capacity 17300K, committed 17408K, reserved 1048576K
}
Event: 5811.762 GC heap before
{Heap before GC invocations=165 (full 0):
 garbage-first heap   total 280576K, used 126947K [0x0000000080000000, 0x0000000100000000)
  region size 1024K, 22 young (22528K), 1 survivors (1024K)
 Metaspace       used 130659K, capacity 135006K, committed 135296K, reserved 1167360K
  class space    used 15729K, capacity 17300K, committed 17408K, reserved 1048576K
}
Event: 5811.767 GC heap after
{Heap after GC invocations=166 (full 0):
 garbage-first heap   total 280576K, used 106722K [0x0000000080000000, 0x0000000100000000)
  region size 1024K, 1 young (1024K), 1 survivors (1024K)
 Metaspace       used 130659K, capacity 135006K, committed 135296K, reserved 1167360K
  class space    used 15729K, capacity 17300K, committed 17408K, reserved 1048576K
}
Event: 8898.687 GC heap before
{Heap before GC invocations=167 (full 0):
 garbage-first heap   total 280576K, used 223458K [0x0000000080000000, 0x0000000100000000)
  region size 1024K, 105 young (107520K), 1 survivors (1024K)
 Metaspace       used 130727K, capacity 135074K, committed 135296K, reserved 1167360K
  class space    used 15729K, capacity 17300K, committed 17408K, reserved 1048576K
}
Event: 8898.690 GC heap after
{Heap after GC invocations=168 (full 0):
 garbage-first heap   total 280576K, used 94112K [0x0000000080000000, 0x0000000100000000)
  region size 1024K, 1 young (1024K), 1 survivors (1024K)
 Metaspace       used 130727K, capacity 135074K, committed 135296K, reserved 1167360K
  class space    used 15729K, capacity 17300K, committed 17408K, reserved 1048576K
}
Event: 9583.149 GC heap before
{Heap before GC invocations=168 (full 0):
 garbage-first heap   total 280576K, used 105376K [0x0000000080000000, 0x0000000100000000)
  region size 1024K, 13 young (13312K), 1 survivors (1024K)
 Metaspace       used 130728K, capacity 135074K, committed 135296K, reserved 1167360K
  class space    used 15729K, capacity 17300K, committed 17408K, reserved 1048576K
}
Event: 9583.151 GC heap after
{Heap after GC invocations=169 (full 0):
 garbage-first heap   total 280576K, used 88985K [0x0000000080000000, 0x0000000100000000)
  region size 1024K, 1 young (1024K), 1 survivors (1024K)
 Metaspace       used 130728K, capacity 135074K, committed 135296K, reserved 1167360K
  class space    used 15729K, capacity 17300K, committed 17408K, reserved 1048576K
}

